mode: set
mid/services/taskqueue/cmd/endpoint/endpoint.go:11.120,12.77 1 1
mid/services/taskqueue/cmd/endpoint/endpoint.go:12.77,14.10 2 1
mid/services/taskqueue/cmd/endpoint/endpoint.go:14.10,16.4 1 0
mid/services/taskqueue/cmd/endpoint/endpoint.go:17.3,18.17 2 1
mid/services/taskqueue/cmd/endpoint/endpoint.go:18.17,20.4 1 1
mid/services/taskqueue/cmd/endpoint/endpoint.go:21.3,21.23 1 1
mid/services/taskqueue/cmd/endpoint/endpoint.go:36.60,38.2 1 1
mid/services/taskqueue/cmd/endpoint/endpoint.go:51.63,53.2 1 1
mid/services/taskqueue/cmd/endpoint/endpoint.go:65.65,67.2 1 1
mid/services/taskqueue/cmd/endpoint/endpoint.go:79.71,81.2 1 1
