mode: set
mid/services/taskqueue/cmd/service/instrumenting.go:21.93,27.2 3 1
mid/services/taskqueue/cmd/service/instrumenting.go:29.141,36.2 4 1
mid/services/taskqueue/cmd/service/instrumenting.go:38.150,45.2 4 1
mid/services/taskqueue/cmd/service/instrumenting.go:47.155,54.2 4 1
mid/services/taskqueue/cmd/service/instrumenting.go:56.143,63.2 4 1
mid/services/taskqueue/cmd/service/logging.go:18.96,26.2 1 1
mid/services/taskqueue/cmd/service/logging.go:28.136,34.2 3 1
mid/services/taskqueue/cmd/service/logging.go:36.145,42.2 3 1
mid/services/taskqueue/cmd/service/logging.go:44.138,50.2 3 1
mid/services/taskqueue/cmd/service/logging.go:52.150,58.2 3 1
mid/services/taskqueue/cmd/service/service.go:27.27,29.2 1 1
mid/services/taskqueue/cmd/service/service.go:31.114,35.16 3 1
mid/services/taskqueue/cmd/service/service.go:35.16,38.3 2 1
mid/services/taskqueue/cmd/service/service.go:40.2,43.16 3 1
mid/services/taskqueue/cmd/service/service.go:43.16,46.3 2 0
mid/services/taskqueue/cmd/service/service.go:47.2,48.22 2 1
mid/services/taskqueue/cmd/service/service.go:52.116,56.16 3 1
mid/services/taskqueue/cmd/service/service.go:56.16,59.3 2 0
mid/services/taskqueue/cmd/service/service.go:60.2,61.24 2 1
mid/services/taskqueue/cmd/service/service.go:65.128,69.16 3 1
mid/services/taskqueue/cmd/service/service.go:69.16,72.3 2 0
mid/services/taskqueue/cmd/service/service.go:73.2,74.24 2 1
mid/services/taskqueue/cmd/service/service.go:78.123,86.66 6 1
mid/services/taskqueue/cmd/service/service.go:86.66,91.66 3 1
mid/services/taskqueue/cmd/service/service.go:91.66,93.9 2 0
mid/services/taskqueue/cmd/service/service.go:96.3,100.66 4 1
mid/services/taskqueue/cmd/service/service.go:100.66,102.9 2 1
mid/services/taskqueue/cmd/service/service.go:107.2,107.76 1 1
mid/services/taskqueue/cmd/service/service.go:117.89,121.16 2 1
mid/services/taskqueue/cmd/service/service.go:121.16,123.3 1 0
mid/services/taskqueue/cmd/service/service.go:125.2,129.29 3 1
mid/services/taskqueue/cmd/service/service.go:129.29,132.3 2 1
mid/services/taskqueue/cmd/service/service.go:134.2,134.12 1 1
mid/services/taskqueue/cmd/service/service.go:134.12,137.3 2 1
mid/services/taskqueue/cmd/service/service.go:139.2,140.30 2 1
mid/services/taskqueue/cmd/service/service.go:140.30,141.17 1 1
mid/services/taskqueue/cmd/service/service.go:141.17,143.4 1 1
mid/services/taskqueue/cmd/service/service.go:146.2,148.12 2 1
mid/services/taskqueue/cmd/service/service.go:157.100,163.16 3 1
mid/services/taskqueue/cmd/service/service.go:163.16,166.3 2 1
mid/services/taskqueue/cmd/service/service.go:166.8,168.3 1 1
mid/services/taskqueue/cmd/service/service.go:170.2,173.16 3 1
mid/services/taskqueue/cmd/service/service.go:173.16,175.3 1 1
mid/services/taskqueue/cmd/service/service.go:183.62,187.16 2 1
mid/services/taskqueue/cmd/service/service.go:187.16,189.3 1 0
mid/services/taskqueue/cmd/service/service.go:191.2,191.19 1 1
mid/services/taskqueue/cmd/service/service.go:199.49,206.23 4 1
mid/services/taskqueue/cmd/service/service.go:206.23,209.3 2 1
mid/services/taskqueue/cmd/service/service.go:211.2,212.12 2 1
