mode: set
mid/services/taskqueue/cmd/transport/transport.go:23.84,36.2 4 1
mid/services/taskqueue/cmd/transport/transport.go:38.55,40.2 1 1
mid/services/taskqueue/cmd/transport/transport.go:42.58,44.2 1 1
mid/services/taskqueue/cmd/transport/transport.go:46.60,48.2 1 1
mid/services/taskqueue/cmd/transport/transport.go:50.66,52.2 1 1
mid/services/taskqueue/cmd/transport/transport.go:54.93,58.2 3 1
mid/services/taskqueue/cmd/transport/transport.go:60.86,64.17 3 1
mid/services/taskqueue/cmd/transport/transport.go:64.17,65.28 1 0
mid/services/taskqueue/cmd/transport/transport.go:65.28,67.4 1 0
mid/services/taskqueue/cmd/transport/transport.go:68.3,68.19 1 0
mid/services/taskqueue/cmd/transport/transport.go:71.2,71.25 1 1
mid/services/taskqueue/cmd/transport/transport.go:72.32,74.9 2 1
mid/services/taskqueue/cmd/transport/transport.go:74.9,76.18 2 1
mid/services/taskqueue/cmd/transport/transport.go:76.18,78.5 1 1
mid/services/taskqueue/cmd/transport/transport.go:82.2,85.16 3 1
mid/services/taskqueue/cmd/transport/transport.go:85.16,87.3 1 1
mid/services/taskqueue/cmd/transport/transport.go:89.2,89.17 1 1
mid/services/taskqueue/cmd/transport/transport.go:92.79,95.20 2 1
mid/services/taskqueue/cmd/transport/transport.go:96.34,97.39 1 1
mid/services/taskqueue/cmd/transport/transport.go:98.40,99.39 1 1
mid/services/taskqueue/cmd/transport/transport.go:100.10,101.48 1 0
mid/services/taskqueue/cmd/transport/transport.go:104.2,106.4 1 1
